[ 2016-06-10T18:19:36+08:00 ] ::1 /fdc/index.php/Public/verify/
INFO: [ app_init ] --START--
INFO: Run Behavior\BuildLiteBehavior [ RunTime:0.000016s ]
INFO: [ app_init ] --END-- [ RunTime:0.000423s ]
ERR: 无法加载模块:Public

[ 2016-06-10T18:20:10+08:00 ] ::1 /fdc/index.php/Public/verify
INFO: [ app_init ] --START--
INFO: Run Behavior\BuildLiteBehavior [ RunTime:0.000015s ]
INFO: [ app_init ] --END-- [ RunTime:0.000419s ]
ERR: 无法加载模块:Public

[ 2016-06-10T18:24:05+08:00 ] ::1 /fdc/index.php/Public/verify/1465554245869
INFO: [ app_init ] --START--
INFO: Run Behavior\BuildLiteBehavior [ RunTime:0.000015s ]
INFO: [ app_init ] --END-- [ RunTime:0.000412s ]
ERR: 无法加载模块:Public

[ 2016-06-10T18:24:06+08:00 ] ::1 /fdc/index.php/Public/verify/1465554246837
INFO: [ app_init ] --START--
INFO: Run Behavior\BuildLiteBehavior [ RunTime:0.000016s ]
INFO: [ app_init ] --END-- [ RunTime:0.000392s ]
ERR: 无法加载模块:Public

[ 2016-06-10T18:24:07+08:00 ] ::1 /fdc/index.php/Public/verify/1465554247578
INFO: [ app_init ] --START--
INFO: Run Behavior\BuildLiteBehavior [ RunTime:0.000017s ]
INFO: [ app_init ] --END-- [ RunTime:0.000451s ]
ERR: 无法加载模块:Public

[ 2016-06-10T20:55:25+08:00 ] ::1 /fdc/index.php/uploadify/scripts/uploadify.swf?preventswfcaching=1465563325330
INFO: [ app_init ] --START--
INFO: Run Behavior\BuildLiteBehavior [ RunTime:0.000027s ]
INFO: [ app_init ] --END-- [ RunTime:0.000650s ]
ERR: 无法加载模块:Uploadify

[ 2016-06-10T20:56:00+08:00 ] ::1 /fdc/index.php/uploadify/scripts/uploadify.swf?preventswfcaching=1465563360262
INFO: [ app_init ] --START--
INFO: Run Behavior\BuildLiteBehavior [ RunTime:0.000026s ]
INFO: [ app_init ] --END-- [ RunTime:0.000623s ]
ERR: 无法加载模块:Uploadify

[ 2016-06-10T21:02:22+08:00 ] ::1 /fdc/index.php/uploadify/scripts/uploadify.swf?preventswfcaching=1465563742047
INFO: [ app_init ] --START--
INFO: Run Behavior\BuildLiteBehavior [ RunTime:0.000025s ]
INFO: [ app_init ] --END-- [ RunTime:0.000950s ]
ERR: 无法加载模块:Uploadify

[ 2016-06-10T21:02:22+08:00 ] ::1 /fdc/index.php/uploadify/img/upload.jpg
INFO: [ app_init ] --START--
INFO: Run Behavior\BuildLiteBehavior [ RunTime:0.000023s ]
INFO: [ app_init ] --END-- [ RunTime:0.000600s ]
ERR: 无法加载模块:Uploadify

[ 2016-06-10T21:02:22+08:00 ] ::1 /fdc/index.php/uploadify/scripts/uploadify.swf?preventswfcaching=1465563742047
INFO: [ app_init ] --START--
INFO: Run Behavior\BuildLiteBehavior [ RunTime:0.000025s ]
INFO: [ app_init ] --END-- [ RunTime:0.000635s ]
ERR: 无法加载模块:Uploadify

[ 2016-06-10T21:02:22+08:00 ] ::1 /fdc/index.php/uploadify/img/add.jpg
INFO: [ app_init ] --START--
INFO: Run Behavior\BuildLiteBehavior [ RunTime:0.000027s ]
INFO: [ app_init ] --END-- [ RunTime:0.000644s ]
ERR: 无法加载模块:Uploadify

[ 2016-06-10T21:02:22+08:00 ] ::1 /fdc/index.php/uploadify/img/cancel.jpg
INFO: [ app_init ] --START--
INFO: Run Behavior\BuildLiteBehavior [ RunTime:0.000028s ]
INFO: [ app_init ] --END-- [ RunTime:0.001502s ]
ERR: 无法加载模块:Uploadify

[ 2016-06-10T21:02:22+08:00 ] ::1 /fdc/index.php/uploadify/img/cancel.jpg
INFO: [ app_init ] --START--
INFO: Run Behavior\BuildLiteBehavior [ RunTime:0.000026s ]
INFO: [ app_init ] --END-- [ RunTime:0.000884s ]
ERR: 无法加载模块:Uploadify

[ 2016-06-10T21:02:22+08:00 ] ::1 /fdc/index.php/uploadify/img/upload.jpg
INFO: [ app_init ] --START--
INFO: Run Behavior\BuildLiteBehavior [ RunTime:0.000015s ]
INFO: [ app_init ] --END-- [ RunTime:0.000421s ]
ERR: 无法加载模块:Uploadify

[ 2016-06-10T21:02:25+08:00 ] ::1 /fdc/index.php/uploadify/img/cancel.jpg
INFO: [ app_init ] --START--
INFO: Run Behavior\BuildLiteBehavior [ RunTime:0.000030s ]
INFO: [ app_init ] --END-- [ RunTime:0.000775s ]
ERR: 无法加载模块:Uploadify

[ 2016-06-10T21:02:25+08:00 ] ::1 /fdc/index.php/uploadify/img/upload.jpg
INFO: [ app_init ] --START--
INFO: Run Behavior\BuildLiteBehavior [ RunTime:0.000025s ]
INFO: [ app_init ] --END-- [ RunTime:0.000711s ]
ERR: 无法加载模块:Uploadify

[ 2016-06-10T21:02:57+08:00 ] ::1 /fdc/index.php/uploadify/img/add.jpg
INFO: [ app_init ] --START--
INFO: Run Behavior\BuildLiteBehavior [ RunTime:0.000026s ]
INFO: [ app_init ] --END-- [ RunTime:0.000701s ]
ERR: 无法加载模块:Uploadify

[ 2016-06-10T21:03:15+08:00 ] ::1 /fdc/index.php/demo/common/ajaxDone.html
INFO: [ app_init ] --START--
INFO: Run Behavior\BuildLiteBehavior [ RunTime:0.000029s ]
INFO: [ app_init ] --END-- [ RunTime:0.000555s ]
ERR: 无法加载模块:Demo

[ 2016-06-10T21:04:04+08:00 ] ::1 /fdc/index.php/uploadify.swf?preventswfcaching=1465563844725
INFO: [ app_init ] --START--
INFO: Run Behavior\BuildLiteBehavior [ RunTime:0.000028s ]
INFO: [ app_init ] --END-- [ RunTime:0.000609s ]
ERR: 无法加载模块:Uploadify

[ 2016-06-10T21:04:04+08:00 ] ::1 /fdc/index.php/uploadify/img/add.jpg
INFO: [ app_init ] --START--
INFO: Run Behavior\BuildLiteBehavior [ RunTime:0.000028s ]
INFO: [ app_init ] --END-- [ RunTime:0.000652s ]
ERR: 无法加载模块:Uploadify

[ 2016-06-10T21:04:04+08:00 ] ::1 /fdc/index.php/uploadify.swf?preventswfcaching=1465563844725
INFO: [ app_init ] --START--
INFO: Run Behavior\BuildLiteBehavior [ RunTime:0.000028s ]
INFO: [ app_init ] --END-- [ RunTime:0.000666s ]
ERR: 无法加载模块:Uploadify

[ 2016-06-10T21:04:55+08:00 ] ::1 /fdc/index.php/uploadify.swf?preventswfcaching=1465563895304
INFO: [ app_init ] --START--
INFO: Run Behavior\BuildLiteBehavior [ RunTime:0.000027s ]
INFO: [ app_init ] --END-- [ RunTime:0.000611s ]
ERR: 无法加载模块:Uploadify

[ 2016-06-10T21:04:55+08:00 ] ::1 /fdc/index.php/uploadify.swf?preventswfcaching=1465563895304
INFO: [ app_init ] --START--
INFO: Run Behavior\BuildLiteBehavior [ RunTime:0.000030s ]
INFO: [ app_init ] --END-- [ RunTime:0.000752s ]
ERR: 无法加载模块:Uploadify

[ 2016-06-10T21:06:53+08:00 ] ::1 /fdc/index.php/demo/common/ajaxDone.html
INFO: [ app_init ] --START--
INFO: Run Behavior\BuildLiteBehavior [ RunTime:0.000020s ]
INFO: [ app_init ] --END-- [ RunTime:0.000440s ]
ERR: 无法加载模块:Demo

[ 2016-06-10T23:17:54+08:00 ] ::1 /fdc/index.php/uploadify.swf?preventswfcaching=1465571874086
INFO: [ app_init ] --START--
INFO: Run Behavior\BuildLiteBehavior [ RunTime:0.000025s ]
INFO: [ app_init ] --END-- [ RunTime:0.000574s ]
ERR: 无法加载模块:Uploadify

[ 2016-06-10T23:17:54+08:00 ] ::1 /fdc/index.php/uploadify.swf?preventswfcaching=1465571874086
INFO: [ app_init ] --START--
INFO: Run Behavior\BuildLiteBehavior [ RunTime:0.000026s ]
INFO: [ app_init ] --END-- [ RunTime:0.000603s ]
ERR: 无法加载模块:Uploadify

[ 2016-06-10T23:18:19+08:00 ] ::1 /fdc/index.php/uploadify.swf?preventswfcaching=1465571899098
INFO: [ app_init ] --START--
INFO: Run Behavior\BuildLiteBehavior [ RunTime:0.000029s ]
INFO: [ app_init ] --END-- [ RunTime:0.000667s ]
ERR: 无法加载模块:Uploadify

[ 2016-06-10T23:18:19+08:00 ] ::1 /fdc/index.php/uploadify.swf?preventswfcaching=1465571899098
INFO: [ app_init ] --START--
INFO: Run Behavior\BuildLiteBehavior [ RunTime:0.000054s ]
INFO: [ app_init ] --END-- [ RunTime:0.001076s ]
ERR: 无法加载模块:Uploadify

[ 2016-06-10T23:18:37+08:00 ] ::1 /fdc/index.php/uploadify.swf?preventswfcaching=1465571917431
INFO: [ app_init ] --START--
INFO: Run Behavior\BuildLiteBehavior [ RunTime:0.000017s ]
INFO: [ app_init ] --END-- [ RunTime:0.000381s ]
ERR: 无法加载模块:Uploadify

[ 2016-06-10T23:18:44+08:00 ] ::1 /fdc/index.php/uploadify.swf?preventswfcaching=1465571924826
INFO: [ app_init ] --START--
INFO: Run Behavior\BuildLiteBehavior [ RunTime:0.000025s ]
INFO: [ app_init ] --END-- [ RunTime:0.000549s ]
ERR: 无法加载模块:Uploadify

[ 2016-06-10T23:18:44+08:00 ] ::1 /fdc/index.php/uploadify.swf?preventswfcaching=1465571924826
INFO: [ app_init ] --START--
INFO: Run Behavior\BuildLiteBehavior [ RunTime:0.000028s ]
INFO: [ app_init ] --END-- [ RunTime:0.000637s ]
ERR: 无法加载模块:Uploadify

