[ 2016-06-09T10:33:10+08:00 ] ::1 /fdc/index.php/themes/green/style.css
INFO: [ app_init ] --START--
INFO: Run Behavior\BuildLiteBehavior [ RunTime:0.000025s ]
INFO: [ app_init ] --END-- [ RunTime:0.000673s ]
ERR: 无法加载模块:Themes

[ 2016-06-09T10:34:25+08:00 ] ::1 /fdc/index.php/themes/green/style.css
INFO: [ app_init ] --START--
INFO: Run Behavior\BuildLiteBehavior [ RunTime:0.000019s ]
INFO: [ app_init ] --END-- [ RunTime:0.000586s ]
ERR: 无法加载模块:Themes

[ 2016-06-09T10:38:24+08:00 ] ::1 /fdc/index.php/themes/green/style.css
INFO: [ app_init ] --START--
INFO: Run Behavior\BuildLiteBehavior [ RunTime:0.000032s ]
INFO: [ app_init ] --END-- [ RunTime:0.000699s ]
ERR: 无法加载模块:Themes

[ 2016-06-09T10:39:06+08:00 ] ::1 /fdc/index.php/themes/green/style.css
INFO: [ app_init ] --START--
INFO: Run Behavior\BuildLiteBehavior [ RunTime:0.000016s ]
INFO: [ app_init ] --END-- [ RunTime:0.000393s ]
ERR: 无法加载模块:Themes

[ 2016-06-09T10:41:31+08:00 ] ::1 /fdc/index.php/themes/green/style.css
INFO: [ app_init ] --START--
INFO: Run Behavior\BuildLiteBehavior [ RunTime:0.000090s ]
INFO: [ app_init ] --END-- [ RunTime:0.001565s ]
ERR: 无法加载模块:Themes

[ 2016-06-09T10:41:34+08:00 ] ::1 /fdc/index.php/tabsPage.html?_=1465440091326
INFO: [ app_init ] --START--
INFO: Run Behavior\BuildLiteBehavior [ RunTime:0.000034s ]
INFO: [ app_init ] --END-- [ RunTime:0.000673s ]
ERR: 无法加载模块:TabsPage

[ 2016-06-09T10:42:13+08:00 ] ::1 /fdc/index.php/themes/green/style.css
INFO: [ app_init ] --START--
INFO: Run Behavior\BuildLiteBehavior [ RunTime:0.000015s ]
INFO: [ app_init ] --END-- [ RunTime:0.000411s ]
ERR: 无法加载模块:Themes

[ 2016-06-09T10:42:16+08:00 ] ::1 /fdc/index.php/tabsPage.html?_=1465440133660
INFO: [ app_init ] --START--
INFO: Run Behavior\BuildLiteBehavior [ RunTime:0.000016s ]
INFO: [ app_init ] --END-- [ RunTime:0.000361s ]
ERR: 无法加载模块:TabsPage

[ 2016-06-09T10:42:40+08:00 ] ::1 /fdc/index.php/themes/green/style.css
INFO: [ app_init ] --START--
INFO: Run Behavior\BuildLiteBehavior [ RunTime:0.000025s ]
INFO: [ app_init ] --END-- [ RunTime:0.000609s ]
ERR: 无法加载模块:Themes

[ 2016-06-09T10:44:21+08:00 ] ::1 /fdc/index.php/themes/green/style.css
INFO: [ app_init ] --START--
INFO: Run Behavior\BuildLiteBehavior [ RunTime:0.000023s ]
INFO: [ app_init ] --END-- [ RunTime:0.000479s ]
ERR: 无法加载模块:Themes

[ 2016-06-09T10:46:18+08:00 ] ::1 /fdc/index.php/themes/green/style.css
INFO: [ app_init ] --START--
INFO: Run Behavior\BuildLiteBehavior [ RunTime:0.000048s ]
INFO: [ app_init ] --END-- [ RunTime:0.000633s ]
ERR: 无法加载模块:Themes

[ 2016-06-09T10:47:18+08:00 ] ::1 /fdc/index.php/themes/green/style.css
INFO: [ app_init ] --START--
INFO: Run Behavior\BuildLiteBehavior [ RunTime:0.000016s ]
INFO: [ app_init ] --END-- [ RunTime:0.000356s ]
ERR: 无法加载模块:Themes

[ 2016-06-09T10:47:22+08:00 ] ::1 /fdc/index.php/themes/green/style.css
INFO: [ app_init ] --START--
INFO: Run Behavior\BuildLiteBehavior [ RunTime:0.000017s ]
INFO: [ app_init ] --END-- [ RunTime:0.000429s ]
ERR: 无法加载模块:Themes

[ 2016-06-09T10:50:42+08:00 ] ::1 /fdc/index.php/themes/green/style.css
INFO: [ app_init ] --START--
INFO: Run Behavior\BuildLiteBehavior [ RunTime:0.000032s ]
INFO: [ app_init ] --END-- [ RunTime:0.000720s ]
ERR: 无法加载模块:Themes

[ 2016-06-09T10:55:26+08:00 ] ::1 /fdc/index.php/themes/default/style.css
INFO: [ app_init ] --START--
INFO: Run Behavior\BuildLiteBehavior [ RunTime:0.000028s ]
INFO: [ app_init ] --END-- [ RunTime:0.000629s ]
ERR: 无法加载模块:Themes

[ 2016-06-09T11:02:04+08:00 ] ::1 /fdc/index.php/tabsPage.html?_=1465441290047
INFO: [ app_init ] --START--
INFO: Run Behavior\BuildLiteBehavior [ RunTime:0.000024s ]
INFO: [ app_init ] --END-- [ RunTime:0.000461s ]
ERR: 无法加载模块:TabsPage

[ 2016-06-09T11:02:21+08:00 ] ::1 /fdc/index.php/main.html?_=1465441290048
INFO: [ app_init ] --START--
INFO: Run Behavior\BuildLiteBehavior [ RunTime:0.000024s ]
INFO: [ app_init ] --END-- [ RunTime:0.000396s ]
ERR: 无法加载模块:Main

[ 2016-06-09T11:02:24+08:00 ] ::1 /fdc/index.php/main.html?_=1465441290049
INFO: [ app_init ] --START--
INFO: Run Behavior\BuildLiteBehavior [ RunTime:0.000018s ]
INFO: [ app_init ] --END-- [ RunTime:0.000397s ]
ERR: 无法加载模块:Main

[ 2016-06-09T11:03:58+08:00 ] ::1 /fdc/index.php/main.html?_=1465441434462
INFO: [ app_init ] --START--
INFO: Run Behavior\BuildLiteBehavior [ RunTime:0.000032s ]
INFO: [ app_init ] --END-- [ RunTime:0.000798s ]
ERR: 无法加载模块:Main

[ 2016-06-09T11:06:27+08:00 ] ::1 /fdc/index.php/main.html?_=1465441434463
INFO: [ app_init ] --START--
INFO: Run Behavior\BuildLiteBehavior [ RunTime:0.000016s ]
INFO: [ app_init ] --END-- [ RunTime:0.000388s ]
ERR: 无法加载模块:Main

[ 2016-06-09T11:06:58+08:00 ] ::1 /fdc/index.php/tabsPage.html?_=1465441434464
INFO: [ app_init ] --START--
INFO: Run Behavior\BuildLiteBehavior [ RunTime:0.000017s ]
INFO: [ app_init ] --END-- [ RunTime:0.000350s ]
ERR: 无法加载模块:TabsPage

[ 2016-06-09T11:07:01+08:00 ] ::1 /fdc/index.php/main.html?_=1465441434465
INFO: [ app_init ] --START--
INFO: Run Behavior\BuildLiteBehavior [ RunTime:0.000017s ]
INFO: [ app_init ] --END-- [ RunTime:0.000401s ]
ERR: 无法加载模块:Main

[ 2016-06-09T11:07:29+08:00 ] ::1 /fdc/index.php/main.html?_=1465441646444
INFO: [ app_init ] --START--
INFO: Run Behavior\BuildLiteBehavior [ RunTime:0.000045s ]
INFO: [ app_init ] --END-- [ RunTime:0.001136s ]
ERR: 无法加载模块:Main

[ 2016-06-09T11:07:40+08:00 ] ::1 /fdc/index.php/login.html
INFO: [ app_init ] --START--
INFO: Run Behavior\BuildLiteBehavior [ RunTime:0.000016s ]
INFO: [ app_init ] --END-- [ RunTime:0.000365s ]
ERR: 无法加载模块:Login

[ 2016-06-09T11:07:52+08:00 ] ::1 /fdc/index.php/main.html?_=1465441662003
INFO: [ app_init ] --START--
INFO: Run Behavior\BuildLiteBehavior [ RunTime:0.000016s ]
INFO: [ app_init ] --END-- [ RunTime:0.000391s ]
ERR: 无法加载模块:Main

