[ 2016-06-12T21:54:27+08:00 ] ::1 /fdc/index.php/admin
INFO: [ app_init ] --START--
INFO: Run Behavior\BuildLiteBehavior [ RunTime:0.000029s ]
INFO: [ app_init ] --END-- [ RunTime:0.000838s ]
INFO: [ app_begin ] --START--
INFO: Run Behavior\ReadHtmlCacheBehavior [ RunTime:0.002081s ]
INFO: [ app_begin ] --END-- [ RunTime:0.002263s ]
INFO: [ view_parse ] --START--
INFO: [ template_filter ] --START--
INFO: Run Behavior\ContentReplaceBehavior [ RunTime:0.000263s ]
INFO: [ template_filter ] --END-- [ RunTime:0.000395s ]
INFO: Run Behavior\ParseTemplateBehavior [ RunTime:0.081549s ]
INFO: [ view_parse ] --END-- [ RunTime:0.081652s ]
INFO: [ view_filter ] --START--
INFO: Run Behavior\WriteHtmlCacheBehavior [ RunTime:0.001043s ]
INFO: [ view_filter ] --END-- [ RunTime:0.001136s ]
INFO: [ app_end ] --START--
INFO: Run Behavior\ShowPageTraceBehavior [ RunTime:0.001425s ]
INFO: [ app_end ] --END-- [ RunTime:0.001519s ]

[ 2016-06-12T21:54:31+08:00 ] ::1 /fdc/index.php/Admin/Category?_=1465739668226
INFO: [ app_init ] --START--
INFO: Run Behavior\BuildLiteBehavior [ RunTime:0.000027s ]
INFO: [ app_init ] --END-- [ RunTime:0.000665s ]
INFO: [ app_begin ] --START--
INFO: Run Behavior\ReadHtmlCacheBehavior [ RunTime:0.001237s ]
INFO: [ app_begin ] --END-- [ RunTime:0.001345s ]
SQL: SHOW COLUMNS FROM `fdc_category` [ RunTime:0.0054s ]
NOTIC: [8] Use of undefined constant asc - assumed 'asc' D:\php_env\WWW\fdc\Application\Admin\Controller\BaseController.class.php 第 212 行.
SQL: SELECT COUNT(*) AS tp_count FROM `fdc_category` LIMIT 1   [ RunTime:0.2181s ]
SQL: SELECT * FROM `fdc_category` ORDER BY id asc LIMIT 0,20   [ RunTime:0.0015s ]
INFO: [ view_parse ] --START--
INFO: [ template_filter ] --START--
INFO: Run Behavior\ContentReplaceBehavior [ RunTime:0.000114s ]
INFO: [ template_filter ] --END-- [ RunTime:0.000218s ]
INFO: Run Behavior\ParseTemplateBehavior [ RunTime:0.036365s ]
INFO: [ view_parse ] --END-- [ RunTime:0.036454s ]
INFO: [ view_filter ] --START--
INFO: Run Behavior\WriteHtmlCacheBehavior [ RunTime:0.000655s ]
INFO: [ view_filter ] --END-- [ RunTime:0.000710s ]
INFO: [ app_end ] --START--
INFO: Run Behavior\ShowPageTraceBehavior [ RunTime:0.000707s ]
INFO: [ app_end ] --END-- [ RunTime:0.000765s ]

[ 2016-06-12T21:54:42+08:00 ] ::1 /fdc/index.php/Admin/Goods?_=1465739668227
INFO: [ app_init ] --START--
INFO: Run Behavior\BuildLiteBehavior [ RunTime:0.000020s ]
INFO: [ app_init ] --END-- [ RunTime:0.000721s ]
INFO: [ app_begin ] --START--
INFO: Run Behavior\ReadHtmlCacheBehavior [ RunTime:0.001352s ]
INFO: [ app_begin ] --END-- [ RunTime:0.001476s ]
SQL: SHOW COLUMNS FROM `fdc_goods` [ RunTime:0.0041s ]
NOTIC: [8] Use of undefined constant asc - assumed 'asc' D:\php_env\WWW\fdc\Application\Admin\Controller\BaseController.class.php 第 212 行.
SQL: SELECT COUNT(*) AS tp_count FROM `fdc_goods` LIMIT 1   [ RunTime:0.0005s ]
SQL: SELECT * FROM `fdc_goods` ORDER BY id asc LIMIT 0,20   [ RunTime:0.0009s ]
SQL: SHOW COLUMNS FROM `fdc_category` [ RunTime:0.0042s ]
ERR: SQLSTATE[42S22]: Column not found: 1054 Unknown column 'category' in 'field list'

[ 2016-06-12T21:55:43+08:00 ] ::1 /fdc/index.php/Admin/Goods?_=1465739668228
INFO: [ app_init ] --START--
INFO: Run Behavior\BuildLiteBehavior [ RunTime:0.000021s ]
INFO: [ app_init ] --END-- [ RunTime:0.030591s ]
INFO: [ app_begin ] --START--
INFO: Run Behavior\ReadHtmlCacheBehavior [ RunTime:0.021599s ]
INFO: [ app_begin ] --END-- [ RunTime:0.021685s ]
SQL: SHOW COLUMNS FROM `fdc_goods` [ RunTime:0.0033s ]
NOTIC: [8] Use of undefined constant asc - assumed 'asc' D:\php_env\WWW\fdc\Application\Admin\Controller\BaseController.class.php 第 212 行.
SQL: SELECT COUNT(*) AS tp_count FROM `fdc_goods` LIMIT 1   [ RunTime:0.0008s ]
SQL: SELECT * FROM `fdc_goods` ORDER BY id asc LIMIT 0,20   [ RunTime:0.0015s ]
SQL: SHOW COLUMNS FROM `fdc_category` [ RunTime:0.0035s ]
SQL: SELECT `id`,`categoryzh` FROM `fdc_category`  [ RunTime:0.0008s ]
INFO: [ view_parse ] --START--
INFO: [ template_filter ] --START--
INFO: Run Behavior\ContentReplaceBehavior [ RunTime:0.000082s ]
INFO: [ template_filter ] --END-- [ RunTime:0.000141s ]
INFO: Run Behavior\ParseTemplateBehavior [ RunTime:0.057095s ]
INFO: [ view_parse ] --END-- [ RunTime:0.057160s ]
INFO: [ view_filter ] --START--
INFO: Run Behavior\WriteHtmlCacheBehavior [ RunTime:0.010233s ]
INFO: [ view_filter ] --END-- [ RunTime:0.010296s ]
INFO: [ app_end ] --START--
INFO: Run Behavior\ShowPageTraceBehavior [ RunTime:0.011494s ]
INFO: [ app_end ] --END-- [ RunTime:0.011556s ]

[ 2016-06-12T21:55:51+08:00 ] ::1 /fdc/index.php/Admin/Goods/add?_=1465739668229
INFO: [ app_init ] --START--
INFO: Run Behavior\BuildLiteBehavior [ RunTime:0.000025s ]
INFO: [ app_init ] --END-- [ RunTime:0.000578s ]
INFO: [ app_begin ] --START--
INFO: Run Behavior\ReadHtmlCacheBehavior [ RunTime:0.003272s ]
INFO: [ app_begin ] --END-- [ RunTime:0.003360s ]
SQL: SHOW COLUMNS FROM `fdc_category` [ RunTime:0.0044s ]
SQL: SELECT `id`,`categoryzh` FROM `fdc_category`  [ RunTime:0.0005s ]
INFO: [ view_parse ] --START--
INFO: [ template_filter ] --START--
INFO: Run Behavior\ContentReplaceBehavior [ RunTime:0.000046s ]
INFO: [ template_filter ] --END-- [ RunTime:0.000101s ]
NOTIC: [8] Undefined index: category D:\php_env\WWW\fdc\Application\Runtime\Cache\Admin\346dfcdf6ec8d3c93d33b5eb4f636a21.php 第 12 行.
NOTIC: [8] Undefined index: category D:\php_env\WWW\fdc\Application\Runtime\Cache\Admin\346dfcdf6ec8d3c93d33b5eb4f636a21.php 第 12 行.
NOTIC: [8] Undefined index: category D:\php_env\WWW\fdc\Application\Runtime\Cache\Admin\346dfcdf6ec8d3c93d33b5eb4f636a21.php 第 12 行.
NOTIC: [8] Undefined index: category D:\php_env\WWW\fdc\Application\Runtime\Cache\Admin\346dfcdf6ec8d3c93d33b5eb4f636a21.php 第 12 行.
INFO: Run Behavior\ParseTemplateBehavior [ RunTime:0.014172s ]
INFO: [ view_parse ] --END-- [ RunTime:0.014245s ]
INFO: [ view_filter ] --START--
INFO: Run Behavior\WriteHtmlCacheBehavior [ RunTime:0.000872s ]
INFO: [ view_filter ] --END-- [ RunTime:0.000980s ]
INFO: [ app_end ] --START--
INFO: Run Behavior\ShowPageTraceBehavior [ RunTime:0.000882s ]
INFO: [ app_end ] --END-- [ RunTime:0.000933s ]

[ 2016-06-12T21:56:44+08:00 ] ::1 /fdc/index.php/Admin/Goods/add?_=1465739668230
INFO: [ app_init ] --START--
INFO: Run Behavior\BuildLiteBehavior [ RunTime:0.000024s ]
INFO: [ app_init ] --END-- [ RunTime:0.000556s ]
INFO: [ app_begin ] --START--
INFO: Run Behavior\ReadHtmlCacheBehavior [ RunTime:0.000655s ]
INFO: [ app_begin ] --END-- [ RunTime:0.000714s ]
SQL: SHOW COLUMNS FROM `fdc_category` [ RunTime:0.0038s ]
SQL: SELECT `id`,`categoryzh` FROM `fdc_category`  [ RunTime:0.0009s ]
INFO: [ view_parse ] --START--
INFO: [ template_filter ] --START--
INFO: Run Behavior\ContentReplaceBehavior [ RunTime:0.000046s ]
INFO: [ template_filter ] --END-- [ RunTime:0.000098s ]
NOTIC: [8] Undefined variable: categoryzh D:\php_env\WWW\fdc\Application\Runtime\Cache\Admin\346dfcdf6ec8d3c93d33b5eb4f636a21.php 第 12 行.
INFO: Run Behavior\ParseTemplateBehavior [ RunTime:0.007093s ]
INFO: [ view_parse ] --END-- [ RunTime:0.007142s ]
INFO: [ view_filter ] --START--
INFO: Run Behavior\WriteHtmlCacheBehavior [ RunTime:0.000337s ]
INFO: [ view_filter ] --END-- [ RunTime:0.000375s ]
INFO: [ app_end ] --START--
INFO: Run Behavior\ShowPageTraceBehavior [ RunTime:0.000577s ]
INFO: [ app_end ] --END-- [ RunTime:0.000620s ]

[ 2016-06-12T21:56:49+08:00 ] ::1 /fdc/index.php/Admin/Goods/edit/id/8?_=1465739668231
INFO: [ app_init ] --START--
INFO: Run Behavior\BuildLiteBehavior [ RunTime:0.000025s ]
INFO: [ app_init ] --END-- [ RunTime:0.000570s ]
INFO: [ app_begin ] --START--
INFO: Run Behavior\ReadHtmlCacheBehavior [ RunTime:0.001974s ]
INFO: [ app_begin ] --END-- [ RunTime:0.002208s ]
SQL: SHOW COLUMNS FROM `fdc_goods` [ RunTime:0.0070s ]
SQL: SHOW COLUMNS FROM `fdc_category` [ RunTime:0.0033s ]
SQL: SELECT `id`,`categoryzh` FROM `fdc_category`  [ RunTime:0.0004s ]
SQL: SELECT * FROM `fdc_goods` WHERE `id` = '8' LIMIT 1   [ RunTime:0.1623s ]
INFO: [ view_parse ] --START--
INFO: [ template_filter ] --START--
INFO: Run Behavior\ContentReplaceBehavior [ RunTime:0.000096s ]
INFO: [ template_filter ] --END-- [ RunTime:0.000200s ]
INFO: Run Behavior\ParseTemplateBehavior [ RunTime:0.015123s ]
INFO: [ view_parse ] --END-- [ RunTime:0.015234s ]
INFO: [ view_filter ] --START--
INFO: Run Behavior\WriteHtmlCacheBehavior [ RunTime:0.000668s ]
INFO: [ view_filter ] --END-- [ RunTime:0.000746s ]
INFO: [ app_end ] --START--
INFO: Run Behavior\ShowPageTraceBehavior [ RunTime:0.001121s ]
INFO: [ app_end ] --END-- [ RunTime:0.001206s ]

[ 2016-06-12T21:57:09+08:00 ] ::1 /fdc/index.php/Admin/Goods/add?_=1465739668232
INFO: [ app_init ] --START--
INFO: Run Behavior\BuildLiteBehavior [ RunTime:0.000039s ]
INFO: [ app_init ] --END-- [ RunTime:0.000794s ]
INFO: [ app_begin ] --START--
INFO: Run Behavior\ReadHtmlCacheBehavior [ RunTime:0.000809s ]
INFO: [ app_begin ] --END-- [ RunTime:0.000889s ]
SQL: SHOW COLUMNS FROM `fdc_category` [ RunTime:0.0070s ]
SQL: SELECT `id`,`categoryzh` FROM `fdc_category`  [ RunTime:0.0009s ]
INFO: [ view_parse ] --START--
INFO: [ template_filter ] --START--
INFO: Run Behavior\ContentReplaceBehavior [ RunTime:0.000047s ]
INFO: [ template_filter ] --END-- [ RunTime:0.000100s ]
INFO: Run Behavior\ParseTemplateBehavior [ RunTime:0.006863s ]
INFO: [ view_parse ] --END-- [ RunTime:0.006914s ]
INFO: [ view_filter ] --START--
INFO: Run Behavior\WriteHtmlCacheBehavior [ RunTime:0.000336s ]
INFO: [ view_filter ] --END-- [ RunTime:0.000373s ]
INFO: [ app_end ] --START--
INFO: Run Behavior\ShowPageTraceBehavior [ RunTime:0.000566s ]
INFO: [ app_end ] --END-- [ RunTime:0.000608s ]

[ 2016-06-12T21:57:14+08:00 ] ::1 /fdc/index.php/Admin/Goods/insert
INFO: [ app_init ] --START--
INFO: Run Behavior\BuildLiteBehavior [ RunTime:0.000019s ]
INFO: [ app_init ] --END-- [ RunTime:0.000673s ]
INFO: [ app_begin ] --START--
INFO: Run Behavior\ReadHtmlCacheBehavior [ RunTime:0.000919s ]
INFO: [ app_begin ] --END-- [ RunTime:0.001063s ]
SQL: SHOW COLUMNS FROM `fdc_goods` [ RunTime:0.0236s ]
SQL: INSERT INTO `fdc_goods` (`title`,`categoryid`,`usp`,`specs`) VALUES ('123','1','123','123') [ RunTime:0.1726s ]

[ 2016-06-12T21:57:14+08:00 ] ::1 /fdc/index.php/Admin/Goods
INFO: [ app_init ] --START--
INFO: Run Behavior\BuildLiteBehavior [ RunTime:0.000021s ]
INFO: [ app_init ] --END-- [ RunTime:0.000626s ]
INFO: [ app_begin ] --START--
INFO: Run Behavior\ReadHtmlCacheBehavior [ RunTime:0.000882s ]
INFO: [ app_begin ] --END-- [ RunTime:0.000982s ]
SQL: SHOW COLUMNS FROM `fdc_goods` [ RunTime:0.0041s ]
NOTIC: [8] Use of undefined constant asc - assumed 'asc' D:\php_env\WWW\fdc\Application\Admin\Controller\BaseController.class.php 第 212 行.
NOTIC: [8] Use of undefined constant asc - assumed 'asc' D:\php_env\WWW\fdc\Application\Admin\Controller\BaseController.class.php 第 220 行.
SQL: SELECT COUNT(*) AS tp_count FROM `fdc_goods` LIMIT 1   [ RunTime:0.0005s ]
SQL: SELECT * FROM `fdc_goods` ORDER BY id asc LIMIT 0,20   [ RunTime:0.0011s ]
SQL: SHOW COLUMNS FROM `fdc_category` [ RunTime:0.0050s ]
SQL: SELECT `id`,`categoryzh` FROM `fdc_category`  [ RunTime:0.0007s ]
INFO: [ view_parse ] --START--
INFO: [ template_filter ] --START--
INFO: Run Behavior\ContentReplaceBehavior [ RunTime:0.000079s ]
INFO: [ template_filter ] --END-- [ RunTime:0.000132s ]
INFO: Run Behavior\ParseTemplateBehavior [ RunTime:0.010482s ]
INFO: [ view_parse ] --END-- [ RunTime:0.010549s ]
INFO: [ view_filter ] --START--
INFO: Run Behavior\WriteHtmlCacheBehavior [ RunTime:0.000345s ]
INFO: [ view_filter ] --END-- [ RunTime:0.000384s ]
INFO: [ app_end ] --START--
INFO: Run Behavior\ShowPageTraceBehavior [ RunTime:0.000577s ]
INFO: [ app_end ] --END-- [ RunTime:0.000621s ]

[ 2016-06-12T21:57:20+08:00 ] ::1 /fdc/index.php/Admin/Goods/edit/id/9?_=1465739668233
INFO: [ app_init ] --START--
INFO: Run Behavior\BuildLiteBehavior [ RunTime:0.000033s ]
INFO: [ app_init ] --END-- [ RunTime:0.000778s ]
INFO: [ app_begin ] --START--
INFO: Run Behavior\ReadHtmlCacheBehavior [ RunTime:0.000808s ]
INFO: [ app_begin ] --END-- [ RunTime:0.000893s ]
SQL: SHOW COLUMNS FROM `fdc_goods` [ RunTime:0.0070s ]
SQL: SHOW COLUMNS FROM `fdc_category` [ RunTime:0.0050s ]
SQL: SELECT `id`,`categoryzh` FROM `fdc_category`  [ RunTime:0.0004s ]
SQL: SELECT * FROM `fdc_goods` WHERE `id` = '9' LIMIT 1   [ RunTime:0.0005s ]
INFO: [ view_parse ] --START--
INFO: [ template_filter ] --START--
INFO: Run Behavior\ContentReplaceBehavior [ RunTime:0.000049s ]
INFO: [ template_filter ] --END-- [ RunTime:0.000106s ]
INFO: Run Behavior\ParseTemplateBehavior [ RunTime:0.008399s ]
INFO: [ view_parse ] --END-- [ RunTime:0.008465s ]
INFO: [ view_filter ] --START--
INFO: Run Behavior\WriteHtmlCacheBehavior [ RunTime:0.000370s ]
INFO: [ view_filter ] --END-- [ RunTime:0.000411s ]
INFO: [ app_end ] --START--
INFO: Run Behavior\ShowPageTraceBehavior [ RunTime:0.000582s ]
INFO: [ app_end ] --END-- [ RunTime:0.000624s ]

[ 2016-06-12T21:57:23+08:00 ] ::1 /fdc/index.php/Admin/Goods/update
INFO: [ app_init ] --START--
INFO: Run Behavior\BuildLiteBehavior [ RunTime:0.000017s ]
INFO: [ app_init ] --END-- [ RunTime:0.000379s ]
INFO: [ app_begin ] --START--
INFO: Run Behavior\ReadHtmlCacheBehavior [ RunTime:0.000572s ]
INFO: [ app_begin ] --END-- [ RunTime:0.000626s ]
SQL: SHOW COLUMNS FROM `fdc_goods` [ RunTime:0.0075s ]
SQL: UPDATE `fdc_goods` SET `title`='123',`categoryid`='4',`usp`='123',`specs`='123' WHERE `id` = 9 [ RunTime:0.1943s ]

[ 2016-06-12T21:57:23+08:00 ] ::1 /fdc/index.php/Admin/Goods
INFO: [ app_init ] --START--
INFO: Run Behavior\BuildLiteBehavior [ RunTime:0.000016s ]
INFO: [ app_init ] --END-- [ RunTime:0.000381s ]
INFO: [ app_begin ] --START--
INFO: Run Behavior\ReadHtmlCacheBehavior [ RunTime:0.000586s ]
INFO: [ app_begin ] --END-- [ RunTime:0.000639s ]
SQL: SHOW COLUMNS FROM `fdc_goods` [ RunTime:0.0052s ]
NOTIC: [8] Use of undefined constant asc - assumed 'asc' D:\php_env\WWW\fdc\Application\Admin\Controller\BaseController.class.php 第 212 行.
NOTIC: [8] Use of undefined constant asc - assumed 'asc' D:\php_env\WWW\fdc\Application\Admin\Controller\BaseController.class.php 第 220 行.
SQL: SELECT COUNT(*) AS tp_count FROM `fdc_goods` LIMIT 1   [ RunTime:0.0010s ]
SQL: SELECT * FROM `fdc_goods` ORDER BY id asc LIMIT 0,20   [ RunTime:0.0017s ]
SQL: SHOW COLUMNS FROM `fdc_category` [ RunTime:0.0923s ]
SQL: SELECT `id`,`categoryzh` FROM `fdc_category`  [ RunTime:0.0011s ]
INFO: [ view_parse ] --START--
INFO: [ template_filter ] --START--
INFO: Run Behavior\ContentReplaceBehavior [ RunTime:0.000119s ]
INFO: [ template_filter ] --END-- [ RunTime:0.000213s ]
INFO: Run Behavior\ParseTemplateBehavior [ RunTime:0.010578s ]
INFO: [ view_parse ] --END-- [ RunTime:0.010656s ]
INFO: [ view_filter ] --START--
INFO: Run Behavior\WriteHtmlCacheBehavior [ RunTime:0.000371s ]
INFO: [ view_filter ] --END-- [ RunTime:0.000415s ]
INFO: [ app_end ] --START--
INFO: Run Behavior\ShowPageTraceBehavior [ RunTime:0.000572s ]
INFO: [ app_end ] --END-- [ RunTime:0.000615s ]

